============================================== test session starts ============================================== 
platform win32 -- Python 3.11.4, pytest-7.4.0, pluggy-1.0.0
rootdir: C:\Users\naren\OneDrive\Documents\CMI\Semester 4\Applied Machine Learning\Assignment_3
plugins: anyio-3.5.0, hydra-core-1.3.2, cov-6.0.0
collected 9 items                                                                                                 

test.py .........                                                                                          [100%]

=============================================== 9 passed in 4.84s ===============================================